  Building Custom Rule D:/FIT_Apprenti_Vague_006/ECS/libraries/yaml-cpp/CMakeLists.txt
  graphbuilder.cpp
  graphbuilderadapter.cpp
  binary.cpp
  convert.cpp
  depthguard.cpp
  directives.cpp
  emit.cpp
  emitfromevents.cpp
  emitter.cpp
  emitterstate.cpp
  emitterutils.cpp
  exceptions.cpp
  exp.cpp
  memory.cpp
  node.cpp
  node_data.cpp
  nodebuilder.cpp
  nodeevents.cpp
  null.cpp
  ostream_wrapper.cpp
  Generating Code...
  Compiling...
  parse.cpp
  parser.cpp
  regex_yaml.cpp
  scanner.cpp
  scanscalar.cpp
  scantag.cpp
  scantoken.cpp
  simplekey.cpp
  singledocparser.cpp
  stream.cpp
  tag.cpp
  Generating Code...
  yaml-cpp.vcxproj -> D:\FIT_Apprenti_Vague_006\ECS\libraries\yaml-cpp\build\Release\yaml-cpp.lib
